<?xml version="1.0" encoding="UTF-8"?>
<!-- Generated by org.testng.reporters.JUnitXMLReporter -->
<testsuite ignored="0" hostname="DESKTOP-SCKABHO" failures="0" tests="9" name="Test" time="137.56" errors="0" timestamp="2023-01-29T08:48:14 BDT">
  <testcase classname="testclass.LoginTesting" name="loginTesting" time="9.938"/>
  <testcase classname="testclass.SignUpTesting" name="signupTesting" time="6.858"/>
  <testcase classname="testclass.ScrollDownNextTesting" name="scrollDownAndNext" time="9.191"/>
  <testcase classname="testclass.HoverNavbarTesting" name="hoverTesting" time="3.831"/>
  <testcase classname="testclass.DropDownHighLowTesting" name="dropDownTesting" time="8.392"/>
  <testcase classname="testclass.OrderInfoTesting" name="orderInfoTesting" time="16.624"/>
  <testcase classname="testclass.ViewCartTesting" name="viewCartTesting" time="3.265"/>
  <testcase classname="testclass.BookViewTesting" name="bookViewTesting" time="7.641"/>
  <testcase classname="testclass.WritterClickTesting" name="writterClick" time="8.051"/>
</testsuite> <!-- Test -->
