<?xml version="1.0" encoding="UTF-8"?>
<testng-results ignored="0" total="1" passed="1" failed="0" skipped="0">
  <reporter-output>
  </reporter-output>
  <suite started-at="2023-01-23T18:21:58 BDT" name="Default suite" finished-at="2023-01-23T18:22:41 BDT" duration-ms="42873">
    <groups>
    </groups>
    <test started-at="2023-01-23T18:21:58 BDT" name="Default test" finished-at="2023-01-23T18:22:41 BDT" duration-ms="42873">
      <class name="testclass.SignupTesting">
        <test-method is-config="true" signature="setBrowser()[pri:0, instance:testclass.SignupTesting@5386659f]" started-at="2023-01-23T18:21:58 BDT" name="setBrowser" finished-at="2023-01-23T18:22:02 BDT" duration-ms="3811" status="PASS">
          <reporter-output>
          </reporter-output>
        </test-method> <!-- setBrowser -->
        <test-method signature="signupTesting()[pri:0, instance:testclass.SignupTesting@5386659f]" started-at="2023-01-23T18:22:02 BDT" name="signupTesting" finished-at="2023-01-23T18:22:35 BDT" duration-ms="33177" status="PASS">
          <reporter-output>
          </reporter-output>
        </test-method> <!-- signupTesting -->
        <test-method is-config="true" signature="quitBrowser()[pri:0, instance:testclass.SignupTesting@5386659f]" started-at="2023-01-23T18:22:35 BDT" name="quitBrowser" finished-at="2023-01-23T18:22:41 BDT" duration-ms="5619" status="PASS">
          <reporter-output>
          </reporter-output>
        </test-method> <!-- quitBrowser -->
      </class> <!-- testclass.SignupTesting -->
    </test> <!-- Default test -->
  </suite> <!-- Default suite -->
</testng-results>
