<?xml version="1.0" encoding="UTF-8"?>
<testng-results ignored="0" total="1" passed="1" failed="0" skipped="0">
  <reporter-output>
  </reporter-output>
  <suite started-at="2024-01-27T23:23:47 BDT" name="Default suite" finished-at="2024-01-27T23:24:04 BDT" duration-ms="17830">
    <groups>
    </groups>
    <test started-at="2024-01-27T23:23:47 BDT" name="Default test" finished-at="2024-01-27T23:24:04 BDT" duration-ms="17830">
      <class name="project.MyTest">
        <test-method is-config="true" signature="b4Method()[pri:0, instance:project.MyTest@293a5bf6]" started-at="2024-01-27T23:23:47 BDT" name="b4Method" finished-at="2024-01-27T23:23:54 BDT" duration-ms="7346" status="PASS">
          <reporter-output>
          </reporter-output>
        </test-method> <!-- b4Method -->
        <test-method signature="teststeps()[pri:0, instance:project.MyTest@293a5bf6]" started-at="2024-01-27T23:23:54 BDT" name="teststeps" finished-at="2024-01-27T23:24:04 BDT" duration-ms="10197" status="PASS">
          <reporter-output>
          </reporter-output>
        </test-method> <!-- teststeps -->
        <test-method is-config="true" signature="tearDown()[pri:0, instance:project.MyTest@293a5bf6]" started-at="2024-01-27T23:24:04 BDT" name="tearDown" finished-at="2024-01-27T23:24:04 BDT" duration-ms="215" status="PASS">
          <reporter-output>
          </reporter-output>
        </test-method> <!-- tearDown -->
      </class> <!-- project.MyTest -->
    </test> <!-- Default test -->
  </suite> <!-- Default suite -->
</testng-results>
